<?xml version="1.0" encoding="UTF-8"?>
<testng-results ignored="0" total="1" passed="1" failed="0" skipped="0">
  <reporter-output>
  </reporter-output>
  <suite started-at="2018-11-28T20:46:54Z" name="InetBankingV6XL" finished-at="2018-11-28T20:47:18Z" duration-ms="24000">
    <groups>
    </groups>
    <test started-at="2018-11-28T20:46:54Z" name="BankingApp Test" finished-at="2018-11-28T20:47:18Z" duration-ms="24000">
      <class name="com.inetbanking.testCases.TC_AddCustomerTest_003">
        <test-method is-config="true" signature="setup(java.lang.String)[pri:0, instance:com.inetbanking.testCases.TC_AddCustomerTest_003@683dbc2c]" started-at="2018-11-28T20:46:54Z" name="setup" finished-at="2018-11-28T20:46:59Z" duration-ms="5529" status="PASS">
          <params>
            <param index="0">
              <value>
                <![CDATA[chrome]]>
              </value>
            </param>
          </params>
          <reporter-output>
          </reporter-output>
        </test-method> <!-- setup -->
        <test-method signature="addNewCustomer()[pri:0, instance:com.inetbanking.testCases.TC_AddCustomerTest_003@683dbc2c]" started-at="2018-11-28T20:46:59Z" name="addNewCustomer" finished-at="2018-11-28T20:47:17Z" duration-ms="17439" status="PASS">
          <reporter-output>
          </reporter-output>
        </test-method> <!-- addNewCustomer -->
        <test-method is-config="true" signature="tearDown()[pri:0, instance:com.inetbanking.testCases.TC_AddCustomerTest_003@683dbc2c]" started-at="2018-11-28T20:47:17Z" name="tearDown" finished-at="2018-11-28T20:47:18Z" duration-ms="740" status="PASS">
          <reporter-output>
          </reporter-output>
        </test-method> <!-- tearDown -->
      </class> <!-- com.inetbanking.testCases.TC_AddCustomerTest_003 -->
    </test> <!-- BankingApp Test -->
  </suite> <!-- InetBankingV6XL -->
</testng-results>
